<?xml version='1.0' encoding='UTF-8'?>
<!DOCTYPE coverage SYSTEM 'http://cobertura.sourceforge.net/xml/coverage-04.dtd'>
<coverage line-rate="0.0" branch-rate="0.0" lines-covered="0" lines-valid="192" branches-covered="0" branches-valid="218" complexity="0.0" timestamp="1634233387" version="gcovr 5.0"><sources><source>.</source></sources><packages><package name="bcachefs" line-rate="0.0" branch-rate="0.0" complexity="0.0"><classes><class name="bcachefs_c" filename="bcachefs/bcachefs.c" line-rate="0.0" branch-rate="0.0" complexity="0.0"><methods/><lines><line number="40" hits="0" branch="true" condition-coverage="0% (0/2)"><conditions><condition number="0" type="jump" coverage="0%"/></conditions></line><line number="49" hits="0" branch="false"/><line number="50" hits="0" branch="false"/><line number="54" hits="0" branch="true" condition-coverage="0% (0/2)"><conditions><condition number="0" type="jump" coverage="0%"/></conditions></line><line number="56" hits="0" branch="false"/><line number="75" hits="0" branch="false"/><line number="84" hits="0" branch="true" condition-coverage="0% (0/6)"><conditions><condition number="0" type="jump" coverage="0%"/></conditions></line><line number="85" hits="0" branch="false"/><line number="89" hits="0" branch="false"/><line number="91" hits="0" branch="false"/><line number="98" hits="0" branch="false"/><line number="104" hits="0" branch="false"/><line number="105" hits="0" branch="false"/><line number="110" hits="0" branch="false"/><line number="116" hits="0" branch="false"/><line number="118" hits="0" branch="false"/><line number="130" hits="0" branch="false"/><line number="142" hits="0" branch="false"/><line number="144" hits="0" branch="true" condition-coverage="0% (0/2)"><conditions><condition number="0" type="jump" coverage="0%"/></conditions></line><line number="146" hits="0" branch="false"/><line number="148" hits="0" branch="true" condition-coverage="0% (0/4)"><conditions><condition number="0" type="jump" coverage="0%"/></conditions></line><line number="154" hits="0" branch="false"/><line number="159" hits="0" branch="false"/><line number="169" hits="0" branch="false"/><line number="170" hits="0" branch="true" condition-coverage="0% (0/2)"><conditions><condition number="0" type="jump" coverage="0%"/></conditions></line><line number="173" hits="0" branch="false"/><line number="180" hits="0" branch="false"/><line number="181" hits="0" branch="true" condition-coverage="0% (0/2)"><conditions><condition number="0" type="jump" coverage="0%"/></conditions></line><line number="183" hits="0" branch="false"/><line number="188" hits="0" branch="false"/><line number="193" hits="0" branch="true" condition-coverage="0% (0/7)"><conditions><condition number="0" type="jump" coverage="0%"/></conditions></line><line number="195" hits="0" branch="false"/><line number="196" hits="0" branch="false"/><line number="198" hits="0" branch="false"/><line number="199" hits="0" branch="false"/><line number="200" hits="0" branch="false"/><line number="203" hits="0" branch="false"/><line number="205" hits="0" branch="false"/><line number="206" hits="0" branch="false"/><line number="207" hits="0" branch="false"/><line number="208" hits="0" branch="false"/><line number="209" hits="0" branch="false"/><line number="210" hits="0" branch="false"/><line number="212" hits="0" branch="false"/><line number="214" hits="0" branch="false"/><line number="219" hits="0" branch="false"/><line number="220" hits="0" branch="false"/><line number="222" hits="0" branch="false"/><line number="225" hits="0" branch="false"/><line number="227" hits="0" branch="false"/><line number="230" hits="0" branch="false"/><line number="232" hits="0" branch="false"/><line number="235" hits="0" branch="false"/><line number="237" hits="0" branch="false"/><line number="240" hits="0" branch="false"/><line number="246" hits="0" branch="true" condition-coverage="0% (0/4)"><conditions><condition number="0" type="jump" coverage="0%"/></conditions></line><line number="248" hits="0" branch="false"/><line number="249" hits="0" branch="false"/><line number="250" hits="0" branch="false"/><line number="254" hits="0" branch="false"/><line number="256" hits="0" branch="false"/><line number="274" hits="0" branch="false"/><line number="279" hits="0" branch="true" condition-coverage="0% (0/2)"><conditions><condition number="0" type="jump" coverage="0%"/></conditions></line><line number="281" hits="0" branch="false"/><line number="283" hits="0" branch="false"/><line number="287" hits="0" branch="false"/><line number="289" hits="0" branch="true" condition-coverage="0% (0/2)"><conditions><condition number="0" type="jump" coverage="0%"/></conditions></line><line number="291" hits="0" branch="false"/><line number="293" hits="0" branch="false"/><line number="294" hits="0" branch="true" condition-coverage="0% (0/4)"><conditions><condition number="0" type="jump" coverage="0%"/></conditions></line><line number="301" hits="0" branch="false"/><line number="306" hits="0" branch="false"/><line number="312" hits="0" branch="false"/><line number="319" hits="0" branch="false"/><line number="326" hits="0" branch="false"/><line number="328" hits="0" branch="false"/><line number="333" hits="0" branch="true" condition-coverage="0% (0/2)"><conditions><condition number="0" type="jump" coverage="0%"/></conditions></line><line number="335" hits="0" branch="false"/><line number="337" hits="0" branch="false"/><line number="342" hits="0" branch="false"/><line number="349" hits="0" branch="true" condition-coverage="0% (0/4)"><conditions><condition number="0" type="jump" coverage="0%"/></conditions></line><line number="352" hits="0" branch="true" condition-coverage="0% (0/2)"><conditions><condition number="0" type="jump" coverage="0%"/></conditions></line><line number="359" hits="0" branch="false"/><line number="374" hits="0" branch="false"/><line number="376" hits="0" branch="false"/><line number="377" hits="0" branch="false"/><line number="378" hits="0" branch="false"/><line number="380" hits="0" branch="true" condition-coverage="0% (0/4)"><conditions><condition number="0" type="jump" coverage="0%"/></conditions></line><line number="381" hits="0" branch="false"/><line number="382" hits="0" branch="false"/><line number="385" hits="0" branch="false"/><line number="387" hits="0" branch="true" condition-coverage="0% (0/6)"><conditions><condition number="0" type="jump" coverage="0%"/></conditions></line><line number="393" hits="0" branch="false"/><line number="395" hits="0" branch="false"/><line number="398" hits="0" branch="true" condition-coverage="0% (0/4)"><conditions><condition number="0" type="jump" coverage="0%"/></conditions></line><line number="400" hits="0" branch="false"/><line number="403" hits="0" branch="false"/><line number="405" hits="0" branch="true" condition-coverage="0% (0/4)"><conditions><condition number="0" type="jump" coverage="0%"/></conditions></line><line number="407" hits="0" branch="false"/><line number="408" hits="0" branch="false"/><line number="413" hits="0" branch="false"/><line number="415" hits="0" branch="false"/><line number="419" hits="0" branch="false"/><line number="422" hits="0" branch="true" condition-coverage="0% (0/2)"><conditions><condition number="0" type="jump" coverage="0%"/></conditions></line><line number="424" hits="0" branch="false"/><line number="426" hits="0" branch="true" condition-coverage="0% (0/4)"><conditions><condition number="0" type="jump" coverage="0%"/></conditions></line><line number="429" hits="0" branch="false"/><line number="431" hits="0" branch="true" condition-coverage="0% (0/2)"><conditions><condition number="0" type="jump" coverage="0%"/></conditions></line><line number="433" hits="0" branch="false"/><line number="434" hits="0" branch="false"/><line number="436" hits="0" branch="false"/><line number="439" hits="0" branch="false"/><line number="441" hits="0" branch="true" condition-coverage="0% (0/4)"><conditions><condition number="0" type="jump" coverage="0%"/></conditions></line><line number="444" hits="0" branch="false"/><line number="447" hits="0" branch="true" condition-coverage="0% (0/2)"><conditions><condition number="0" type="jump" coverage="0%"/></conditions></line><line number="449" hits="0" branch="false"/><line number="457" hits="0" branch="false"/><line number="464" hits="0" branch="false"/><line number="470" hits="0" branch="true" condition-coverage="0% (0/2)"><conditions><condition number="0" type="jump" coverage="0%"/></conditions></line><line number="476" hits="0" branch="false"/><line number="478" hits="0" branch="false"/><line number="481" hits="0" branch="true" condition-coverage="0% (0/4)"><conditions><condition number="0" type="jump" coverage="0%"/></conditions></line><line number="483" hits="0" branch="false"/><line number="486" hits="0" branch="true" condition-coverage="0% (0/4)"><conditions><condition number="0" type="jump" coverage="0%"/></conditions></line><line number="489" hits="0" branch="false"/><line number="493" hits="0" branch="false"/><line number="495" hits="0" branch="true" condition-coverage="0% (0/4)"><conditions><condition number="0" type="jump" coverage="0%"/></conditions></line><line number="499" hits="0" branch="false"/><line number="501" hits="0" branch="true" condition-coverage="0% (0/6)"><conditions><condition number="0" type="jump" coverage="0%"/></conditions></line><line number="504" hits="0" branch="false"/><line number="506" hits="0" branch="true" condition-coverage="0% (0/2)"><conditions><condition number="0" type="jump" coverage="0%"/></conditions></line><line number="510" hits="0" branch="false"/><line number="512" hits="0" branch="false"/><line number="513" hits="0" branch="true" condition-coverage="0% (0/6)"><conditions><condition number="0" type="jump" coverage="0%"/></conditions></line><line number="520" hits="0" branch="false"/><line number="524" hits="0" branch="false"/><line number="526" hits="0" branch="true" condition-coverage="0% (0/2)"><conditions><condition number="0" type="jump" coverage="0%"/></conditions></line><line number="528" hits="0" branch="false"/><line number="537" hits="0" branch="false"/><line number="539" hits="0" branch="false"/><line number="541" hits="0" branch="false"/><line number="544" hits="0" branch="false"/><line number="548" hits="0" branch="true" condition-coverage="0% (0/4)"><conditions><condition number="0" type="jump" coverage="0%"/></conditions></line><line number="553" hits="0" branch="false"/><line number="556" hits="0" branch="false"/><line number="560" hits="0" branch="false"/><line number="572" hits="0" branch="true" condition-coverage="0% (0/4)"><conditions><condition number="0" type="jump" coverage="0%"/></conditions></line><line number="576" hits="0" branch="false"/><line number="582" hits="0" branch="false"/><line number="583" hits="0" branch="false"/><line number="584" hits="0" branch="false"/><line number="587" hits="0" branch="false"/><line number="590" hits="0" branch="true" condition-coverage="0% (0/2)"><conditions><condition number="0" type="jump" coverage="0%"/></conditions></line><line number="592" hits="0" branch="false"/><line number="594" hits="0" branch="false"/><line number="595" hits="0" branch="false"/><line number="598" hits="0" branch="true" condition-coverage="0% (0/2)"><conditions><condition number="0" type="jump" coverage="0%"/></conditions></line><line number="600" hits="0" branch="false"/><line number="601" hits="0" branch="false"/><line number="602" hits="0" branch="false"/><line number="607" hits="0" branch="false"/><line number="614" hits="0" branch="false"/><line number="615" hits="0" branch="false"/><line number="616" hits="0" branch="false"/><line number="617" hits="0" branch="false"/><line number="618" hits="0" branch="false"/><line number="619" hits="0" branch="false"/><line number="622" hits="0" branch="false"/><line number="624" hits="0" branch="false"/><line number="627" hits="0" branch="false"/><line number="632" hits="0" branch="false"/><line number="634" hits="0" branch="false"/><line number="636" hits="0" branch="false"/><line number="640" hits="0" branch="false"/><line number="643" hits="0" branch="false"/><line number="645" hits="0" branch="true" condition-coverage="0% (0/2)"><conditions><condition number="0" type="jump" coverage="0%"/></conditions></line><line number="647" hits="0" branch="false"/><line number="649" hits="0" branch="false"/><line number="661" hits="0" branch="false"/><line number="663" hits="0" branch="false"/><line number="665" hits="0" branch="false"/><line number="670" hits="0" branch="true" condition-coverage="0% (0/2)"><conditions><condition number="0" type="jump" coverage="0%"/></conditions></line><line number="680" hits="0" branch="false"/><line number="682" hits="0" branch="false"/><line number="684" hits="0" branch="false"/><line number="686" hits="0" branch="false"/><line number="699" hits="0" branch="false"/><line number="701" hits="0" branch="false"/><line number="703" hits="0" branch="false"/><line number="705" hits="0" branch="false"/><line number="707" hits="0" branch="false"/><line number="709" hits="0" branch="false"/></lines></class></classes></package></packages></coverage>